----------

Sat Jul 31 2021 12:24:29 GMT-0400 (Eastern Daylight Time)

postcss-discard: postcss.plugin was deprecated. Migration guide:
https://evilmartians.com/chronicles/postcss-8-plugin-migration


----------

Sat Jul 31 2021 19:07:06 GMT-0400 (Eastern Daylight Time)

postcss-discard: postcss.plugin was deprecated. Migration guide:
https://evilmartians.com/chronicles/postcss-8-plugin-migration


----------

Sat Jul 31 2021 19:14:36 GMT-0400 (Eastern Daylight Time)

postcss-discard: postcss.plugin was deprecated. Migration guide:
https://evilmartians.com/chronicles/postcss-8-plugin-migration


----------

Sun Aug 01 2021 22:28:19 GMT-0400 (Eastern Daylight Time)

postcss-discard: postcss.plugin was deprecated. Migration guide:
https://evilmartians.com/chronicles/postcss-8-plugin-migration


----------

Mon Aug 02 2021 21:44:55 GMT-0400 (Eastern Daylight Time)

postcss-discard: postcss.plugin was deprecated. Migration guide:
https://evilmartians.com/chronicles/postcss-8-plugin-migration


----------

Mon Aug 02 2021 22:00:16 GMT-0400 (Eastern Daylight Time)

postcss-discard: postcss.plugin was deprecated. Migration guide:
https://evilmartians.com/chronicles/postcss-8-plugin-migration


----------

Mon Aug 02 2021 22:14:33 GMT-0400 (Eastern Daylight Time)

postcss-discard: postcss.plugin was deprecated. Migration guide:
https://evilmartians.com/chronicles/postcss-8-plugin-migration


----------

Tue Aug 03 2021 06:46:50 GMT-0400 (Eastern Daylight Time)

postcss-discard: postcss.plugin was deprecated. Migration guide:
https://evilmartians.com/chronicles/postcss-8-plugin-migration


----------

Thu Aug 05 2021 07:47:00 GMT-0400 (Eastern Daylight Time)

postcss-discard: postcss.plugin was deprecated. Migration guide:
https://evilmartians.com/chronicles/postcss-8-plugin-migration


----------

Thu Aug 05 2021 07:47:53 GMT-0400 (Eastern Daylight Time)

postcss-discard: postcss.plugin was deprecated. Migration guide:
https://evilmartians.com/chronicles/postcss-8-plugin-migration


----------

Thu Aug 05 2021 08:57:25 GMT-0400 (Eastern Daylight Time)

postcss-discard: postcss.plugin was deprecated. Migration guide:
https://evilmartians.com/chronicles/postcss-8-plugin-migration


----------

Thu Aug 05 2021 10:25:10 GMT-0400 (Eastern Daylight Time)

postcss-discard: postcss.plugin was deprecated. Migration guide:
https://evilmartians.com/chronicles/postcss-8-plugin-migration


----------

Thu Aug 05 2021 10:25:47 GMT-0400 (Eastern Daylight Time)

postcss-discard: postcss.plugin was deprecated. Migration guide:
https://evilmartians.com/chronicles/postcss-8-plugin-migration


----------

Thu Aug 05 2021 10:28:01 GMT-0400 (Eastern Daylight Time)

postcss-discard: postcss.plugin was deprecated. Migration guide:
https://evilmartians.com/chronicles/postcss-8-plugin-migration


----------

Thu Aug 05 2021 16:35:55 GMT-0400 (Eastern Daylight Time)

postcss-discard: postcss.plugin was deprecated. Migration guide:
https://evilmartians.com/chronicles/postcss-8-plugin-migration


----------

Thu Aug 05 2021 16:38:47 GMT-0400 (Eastern Daylight Time)

postcss-discard: postcss.plugin was deprecated. Migration guide:
https://evilmartians.com/chronicles/postcss-8-plugin-migration


